<?xml version="1.0" encoding="UTF-8"?>
<testsuite xmlns:xsi="http://www.w3.org/2001/XMLSchema-instance" xsi:noNamespaceSchemaLocation="https://maven.apache.org/surefire/maven-surefire-plugin/xsd/surefire-test-report-3.0.xsd" version="3.0" name="com.APISafetyNetAlerts.apiForSNA.ApiForSnaApplicationTests" time="4.073" tests="1" errors="0" skipped="0" failures="0">
  <properties>
[...]
</properties>
  <testcase name="contextLoads" classname="com.APISafetyNetAlerts.apiForSNA.ApiForSnaApplicationTests" time="0.884">
    <system-out><![CDATA[2023-07-19T14:37:34.948+0200 DEBUG Neither @ContextConfiguration nor @ContextHierarchy found for test class [ApiForSnaApplicationTests]: using SpringBootContextLoader
2023-07-19T14:37:34.956+0200 DEBUG Could not detect default resource locations for test class [com.APISafetyNetAlerts.apiForSNA.ApiForSnaApplicationTests]: no resource found for suffixes {-context.xml, Context.groovy}.
2023-07-19T14:37:34.957+0200 INFO Could not detect default configuration classes for test class [com.APISafetyNetAlerts.apiForSNA.ApiForSnaApplicationTests]: ApiForSnaApplicationTests does not declare any static, non-private, non-final, nested classes annotated with @Configuration.
2023-07-19T14:37:34.990+0200 DEBUG Using ContextCustomizers for test class [ApiForSnaApplicationTests]: [ExcludeFilterContextCustomizer, DuplicateJsonObjectContextCustomizer, MockitoContextCustomizer, TestRestTemplateContextCustomizer, DisableObservabilityContextCustomizer, PropertyMappingContextCustomizer, Customizer]
2023-07-19T14:37:35.097+0200 DEBUG Identified candidate component class: file [D:\workspace\git\apiForSNA\target\classes\com\APISafetyNetAlerts\apiForSNA\ApiForSnaApplication.class]
2023-07-19T14:37:35.099+0200 INFO Found @SpringBootConfiguration com.APISafetyNetAlerts.apiForSNA.ApiForSnaApplication for test class com.APISafetyNetAlerts.apiForSNA.ApiForSnaApplicationTests
2023-07-19T14:37:35.260+0200 DEBUG Skipping candidate TestExecutionListener [org.springframework.test.context.transaction.TransactionalTestExecutionListener] due to a missing dependency. Specify custom TestExecutionListener classes or make the default TestExecutionListener classes and their required dependencies available. Offending class: [org/springframework/transaction/interceptor/TransactionAttributeSource]
2023-07-19T14:37:35.262+0200 DEBUG Skipping candidate TestExecutionListener [org.springframework.test.context.jdbc.SqlScriptsTestExecutionListener] due to a missing dependency. Specify custom TestExecutionListener classes or make the default TestExecutionListener classes and their required dependencies available. Offending class: [org/springframework/transaction/interceptor/TransactionAttribute]
2023-07-19T14:37:35.265+0200 DEBUG Using TestExecutionListeners for test class [ApiForSnaApplicationTests]: [ServletTestExecutionListener, DirtiesContextBeforeModesTestExecutionListener, ApplicationEventsTestExecutionListener, MockitoTestExecutionListener, DependencyInjectionTestExecutionListener, DirtiesContextTestExecutionListener, EventPublishingTestExecutionListener, ResetMocksTestExecutionListener, RestDocsTestExecutionListener, MockRestServiceServerResetTestExecutionListener, MockMvcPrintOnlyOnFailureTestExecutionListener, WebDriverTestExecutionListener, MockWebServiceServerTestExecutionListener]
2023-07-19T14:37:35.266+0200 DEBUG Before test class: class [ApiForSnaApplicationTests], class annotated with @DirtiesContext [false] with mode [null]

  .   ____          _            __ _ _
 /\\ / ___'_ __ _ _(_)_ __  __ _ \ \ \ \
( ( )\___ | '_ | '_| | '_ \/ _` | \ \ \ \
 \\/  ___)| |_)| | | | | || (_| |  ) ) ) )
  '  |____| .__|_| |_|_| |_\__, | / / / /
 =========|_|==============|___/=/_/_/_/
 :: Spring Boot ::                (v3.1.0)

2023-07-19T14:37:35.645+0200 INFO Starting ApiForSnaApplicationTests using Java 17.0.6 with PID 21376 (started by zirya in D:\workspace\git\apiForSNA)
2023-07-19T14:37:35.648+0200 DEBUG Running with Spring Boot v3.1.0, Spring v6.0.9
2023-07-19T14:37:35.649+0200 INFO No active profile set, falling back to 1 default profile: "default"
2023-07-19T14:37:37.349+0200 INFO Started ApiForSnaApplicationTests in 2.031 seconds (process running for 3.939)
]]></system-out>
  </testcase>
</testsuite>