<?xml version="1.0" encoding="UTF-8"?>
<testsuite xmlns:xsi="http://www.w3.org/2001/XMLSchema-instance" xsi:noNamespaceSchemaLocation="https://maven.apache.org/surefire/maven-surefire-plugin/xsd/surefire-test-report-3.0.xsd" version="3.0" name="com.APISafetyNetAlerts.apiForSNA.PersonControllerTest" time="0.208" tests="40" errors="0" skipped="0" failures="0">
  <properties>
[...]
</properties>
  <testcase name="testAddWrongPhoneParamPerson" classname="com.APISafetyNetAlerts.apiForSNA.PersonControllerTest" time="0.007">
    <system-out><![CDATA[2023-07-19T14:37:39.356+0200 DEBUG La personne à ajouter : com.APISafetyNetAlerts.apiForSNA.model.Person@1285b1f8
2023-07-19T14:37:39.357+0200 ERROR Le champ numéro de téléphone ne doit pas être vide !
]]></system-out>
  </testcase>
  <testcase name="testGetAllPersons" classname="com.APISafetyNetAlerts.apiForSNA.PersonControllerTest" time="0.006"/>
  <testcase name="testGetPersonsMailByCityWithWrongCity" classname="com.APISafetyNetAlerts.apiForSNA.PersonControllerTest" time="0.004">
    <system-out><![CDATA[2023-07-19T14:37:39.368+0200 INFO Liste des villes : [Culver, Tronville-en-Barrois]
2023-07-19T14:37:39.369+0200 ERROR La ville sdgdggetrhhdhb ne fait pas partie de la liste !
]]></system-out>
  </testcase>
  <testcase name="testUpdateWrongPhoneParamPerson" classname="com.APISafetyNetAlerts.apiForSNA.PersonControllerTest" time="0.006">
    <system-out><![CDATA[2023-07-19T14:37:39.375+0200 ERROR La personne Kévin Jovanovic n'apparaît pas dans la liste.
]]></system-out>
  </testcase>
  <testcase name="testUpdateWrongAddressParamPerson" classname="com.APISafetyNetAlerts.apiForSNA.PersonControllerTest" time="0.005">
    <system-out><![CDATA[2023-07-19T14:37:39.381+0200 ERROR La personne Kévin Jovanovic n'apparaît pas dans la liste.
]]></system-out>
  </testcase>
  <testcase name="testDeleteAllNullParamPerson" classname="com.APISafetyNetAlerts.apiForSNA.PersonControllerTest" time="0.004">
    <system-out><![CDATA[2023-07-19T14:37:39.386+0200 ERROR La personne null null n'apparaît pas dans la liste.
]]></system-out>
  </testcase>
  <testcase name="testGetPersonInfoByFirstNameAndLastNameWithWrongFirstNameAndWrongLastName" classname="com.APISafetyNetAlerts.apiForSNA.PersonControllerTest" time="0.004">
    <system-out><![CDATA[2023-07-19T14:37:39.390+0200 ERROR Aucune personne ne s'appelle whsdfghsehstdhcxvnb hdshsdfghsgdfhtrsh dans la liste !
]]></system-out>
  </testcase>
  <testcase name="testAddAllNullParamPerson" classname="com.APISafetyNetAlerts.apiForSNA.PersonControllerTest" time="0.005">
    <system-out><![CDATA[2023-07-19T14:37:39.395+0200 DEBUG La personne à ajouter : com.APISafetyNetAlerts.apiForSNA.model.Person@7808fb63
2023-07-19T14:37:39.395+0200 ERROR Le champ prénom ne doit pas être vide !
2023-07-19T14:37:39.395+0200 ERROR Le champ nom ne doit pas être vide !
2023-07-19T14:37:39.395+0200 ERROR Le champ addresse ne doit pas être vide !
2023-07-19T14:37:39.395+0200 ERROR Le champ ville ne doit pas être vide !
2023-07-19T14:37:39.395+0200 ERROR Le champ code postal ne doit pas être vide !
2023-07-19T14:37:39.395+0200 ERROR Le champ numéro de téléphone ne doit pas être vide !
2023-07-19T14:37:39.395+0200 ERROR Le champ email ne doit pas être vide !
]]></system-out>
  </testcase>
  <testcase name="testAddWrongEmailParamPerson" classname="com.APISafetyNetAlerts.apiForSNA.PersonControllerTest" time="0.004">
    <system-out><![CDATA[2023-07-19T14:37:39.401+0200 DEBUG La personne à ajouter : com.APISafetyNetAlerts.apiForSNA.model.Person@7b29d791
2023-07-19T14:37:39.401+0200 ERROR Le champ email ne doit pas être vide !
]]></system-out>
  </testcase>
  <testcase name="testUpdateWrongLastNameParamPerson" classname="com.APISafetyNetAlerts.apiForSNA.PersonControllerTest" time="0.006">
    <system-out><![CDATA[2023-07-19T14:37:39.406+0200 ERROR La personne Kévin null n'apparaît pas dans la liste.
]]></system-out>
  </testcase>
  <testcase name="testDeleteNullPerson" classname="com.APISafetyNetAlerts.apiForSNA.PersonControllerTest" time="0.003"/>
  <testcase name="testUpdateWrongEmailParamPerson" classname="com.APISafetyNetAlerts.apiForSNA.PersonControllerTest" time="0.004">
    <system-out><![CDATA[2023-07-19T14:37:39.416+0200 ERROR La personne Kévin Jovanovic n'apparaît pas dans la liste.
]]></system-out>
  </testcase>
  <testcase name="testAddNullPerson" classname="com.APISafetyNetAlerts.apiForSNA.PersonControllerTest" time="0.002"/>
  <testcase name="testDeleteWrongFirstNameParamPerson" classname="com.APISafetyNetAlerts.apiForSNA.PersonControllerTest" time="0.005">
    <system-out><![CDATA[2023-07-19T14:37:39.424+0200 ERROR Il faut un nom et un prénom pour pouvoir supprimer un objet !
]]></system-out>
  </testcase>
  <testcase name="testUpdateNullPerson" classname="com.APISafetyNetAlerts.apiForSNA.PersonControllerTest" time="0.003"/>
  <testcase name="testDeleteNoParamPerson" classname="com.APISafetyNetAlerts.apiForSNA.PersonControllerTest" time="0.004">
    <system-out><![CDATA[2023-07-19T14:37:39.432+0200 ERROR La personne null null n'apparaît pas dans la liste.
]]></system-out>
  </testcase>
  <testcase name="testGetChildByAddressWithWrongAddress" classname="com.APISafetyNetAlerts.apiForSNA.PersonControllerTest" time="0.004">
    <system-out><![CDATA[2023-07-19T14:37:39.436+0200 ERROR L'addresse fdsqzgdfhgdfgqrsg ne fait pas partie de la liste d'adresses !
]]></system-out>
  </testcase>
  <testcase name="testAddWrongCityParamPerson" classname="com.APISafetyNetAlerts.apiForSNA.PersonControllerTest" time="0.004">
    <system-out><![CDATA[2023-07-19T14:37:39.440+0200 DEBUG La personne à ajouter : com.APISafetyNetAlerts.apiForSNA.model.Person@56fe2233
2023-07-19T14:37:39.441+0200 ERROR Le champ ville ne doit pas être vide !
]]></system-out>
  </testcase>
  <testcase name="testUpdateNoParamPerson" classname="com.APISafetyNetAlerts.apiForSNA.PersonControllerTest" time="0.005">
    <system-out><![CDATA[2023-07-19T14:37:39.446+0200 ERROR La personne null null n'apparaît pas dans la liste.
]]></system-out>
  </testcase>
  <testcase name="testAddWrongAddressParamPerson" classname="com.APISafetyNetAlerts.apiForSNA.PersonControllerTest" time="0.004">
    <system-out><![CDATA[2023-07-19T14:37:39.450+0200 DEBUG La personne à ajouter : com.APISafetyNetAlerts.apiForSNA.model.Person@6e879a78
2023-07-19T14:37:39.451+0200 ERROR Le champ addresse ne doit pas être vide !
]]></system-out>
  </testcase>
  <testcase name="testUpdatePerson" classname="com.APISafetyNetAlerts.apiForSNA.PersonControllerTest" time="0.005">
    <system-out><![CDATA[2023-07-19T14:37:39.455+0200 DEBUG Personne à modifier : {"firstName":"Kevin","lastName":"Jovanovic","address":"19 rue des Coquelicots","city":"Tronville-en-Barrois","zip":55310,"phone":"0607080910","email":"test@gmail.com"}
2023-07-19T14:37:39.456+0200 DEBUG Personne qui a été modifiée : {"firstName":"Kevin","lastName":"Jovanovic","address":"19 rue des Coquelicots","city":"Tronville-en-Barrois","zip":55310,"phone":"0607080910","email":"test@gmail.com"}
]]></system-out>
  </testcase>
  <testcase name="testAddWrongZipParamPerson" classname="com.APISafetyNetAlerts.apiForSNA.PersonControllerTest" time="0.005">
    <system-out><![CDATA[2023-07-19T14:37:39.461+0200 DEBUG La personne à ajouter : com.APISafetyNetAlerts.apiForSNA.model.Person@882364e
2023-07-19T14:37:39.461+0200 ERROR Le champ code postal ne doit pas être vide !
]]></system-out>
  </testcase>
  <testcase name="testGetPersonInfoByFirstNameAndLastNameWithWrongLastName" classname="com.APISafetyNetAlerts.apiForSNA.PersonControllerTest" time="0.003">
    <system-out><![CDATA[2023-07-19T14:37:39.464+0200 ERROR Aucune personne ne s'appelle John whsdfghgsfdhdfqgyh dans la liste !
]]></system-out>
  </testcase>
  <testcase name="testDeletePerson" classname="com.APISafetyNetAlerts.apiForSNA.PersonControllerTest" time="0.005">
    <system-out><![CDATA[2023-07-19T14:37:39.469+0200 DEBUG Personne à supprimer : {"firstName":"Kevin","lastName":"Jovanovic","address":"19 rue des Coquelicots","city":"Tronville-en-Barrois","zip":55310,"phone":"0607080910","email":"test@gmail.com"}
]]></system-out>
  </testcase>
  <testcase name="testAddWrongLastNameParamPerson" classname="com.APISafetyNetAlerts.apiForSNA.PersonControllerTest" time="0.003">
    <system-out><![CDATA[2023-07-19T14:37:39.473+0200 DEBUG La personne à ajouter : com.APISafetyNetAlerts.apiForSNA.model.Person@5db7419c
2023-07-19T14:37:39.474+0200 ERROR Le champ nom ne doit pas être vide !
]]></system-out>
  </testcase>
  <testcase name="testUpdateWrongCityParamPerson" classname="com.APISafetyNetAlerts.apiForSNA.PersonControllerTest" time="0.005">
    <system-out><![CDATA[2023-07-19T14:37:39.479+0200 ERROR La personne Kévin Jovanovic n'apparaît pas dans la liste.
]]></system-out>
  </testcase>
  <testcase name="testGetPhoneNumberDeservedByFirestations" classname="com.APISafetyNetAlerts.apiForSNA.PersonControllerTest" time="0.005">
    <system-out><![CDATA[2023-07-19T14:37:39.483+0200 INFO Le numéro de station est 1
2023-07-19T14:37:39.483+0200 INFO Nombre de numéros de téléphone dans la liste : 4
2023-07-19T14:37:39.484+0200 DEBUG La liste de numéro de téléphone qui est renvoyée : [ "841-874-7784", "841-874-7462", "841-874-6512", "841-874-8547" ]
]]></system-out>
  </testcase>
  <testcase name="testAddNoParamPerson" classname="com.APISafetyNetAlerts.apiForSNA.PersonControllerTest" time="0.005">
    <system-out><![CDATA[2023-07-19T14:37:39.488+0200 DEBUG La personne à ajouter : com.APISafetyNetAlerts.apiForSNA.model.Person@31d07dd9
2023-07-19T14:37:39.489+0200 ERROR Le champ prénom ne doit pas être vide !
2023-07-19T14:37:39.489+0200 ERROR Le champ nom ne doit pas être vide !
2023-07-19T14:37:39.489+0200 ERROR Le champ addresse ne doit pas être vide !
2023-07-19T14:37:39.489+0200 ERROR Le champ ville ne doit pas être vide !
2023-07-19T14:37:39.489+0200 ERROR Le champ code postal ne doit pas être vide !
2023-07-19T14:37:39.489+0200 ERROR Le champ numéro de téléphone ne doit pas être vide !
2023-07-19T14:37:39.489+0200 ERROR Le champ email ne doit pas être vide !
]]></system-out>
  </testcase>
  <testcase name="testAddPerson" classname="com.APISafetyNetAlerts.apiForSNA.PersonControllerTest" time="0.006">
    <system-out><![CDATA[2023-07-19T14:37:39.495+0200 DEBUG La personne à ajouter : com.APISafetyNetAlerts.apiForSNA.model.Person@568c71de
2023-07-19T14:37:39.496+0200 DEBUG Personne à ajouter : {
  "firstName" : "Kevin",
  "lastName" : "Jovanovic",
  "address" : "19 rue des Coquelicots",
  "city" : "Tronville-en-Barrois",
  "zip" : 55310,
  "phone" : "0607080910",
  "email" : "test@gmail.com"
}
]]></system-out>
  </testcase>
  <testcase name="testUpdateWrongZipParamPerson" classname="com.APISafetyNetAlerts.apiForSNA.PersonControllerTest" time="0.004">
    <system-out><![CDATA[2023-07-19T14:37:39.502+0200 ERROR La personne Kévin Jovanovic n'apparaît pas dans la liste.
]]></system-out>
  </testcase>
  <testcase name="testUpdateAllNullParamPerson" classname="com.APISafetyNetAlerts.apiForSNA.PersonControllerTest" time="0.003">
    <system-out><![CDATA[2023-07-19T14:37:39.507+0200 ERROR La personne null null n'apparaît pas dans la liste.
]]></system-out>
  </testcase>
  <testcase name="testAddWrongFirstNameParamPerson" classname="com.APISafetyNetAlerts.apiForSNA.PersonControllerTest" time="0.004">
    <system-out><![CDATA[2023-07-19T14:37:39.511+0200 DEBUG La personne à ajouter : com.APISafetyNetAlerts.apiForSNA.model.Person@548c7eab
2023-07-19T14:37:39.511+0200 ERROR Le champ prénom ne doit pas être vide !
]]></system-out>
  </testcase>
  <testcase name="testGetChildByAddressWithEmptyAddress" classname="com.APISafetyNetAlerts.apiForSNA.PersonControllerTest" time="0.008">
    <system-out><![CDATA[2023-07-19T14:37:39.519+0200 ERROR L'addresse  ne fait pas partie de la liste d'adresses !
]]></system-out>
  </testcase>
  <testcase name="testUpdateWrongFirstNameParamPerson" classname="com.APISafetyNetAlerts.apiForSNA.PersonControllerTest" time="0.005">
    <system-out><![CDATA[2023-07-19T14:37:39.524+0200 ERROR La personne null Jovanovic n'apparaît pas dans la liste.
]]></system-out>
  </testcase>
  <testcase name="testGetPersonsMailByCityWithEmptyCity" classname="com.APISafetyNetAlerts.apiForSNA.PersonControllerTest" time="0.004">
    <system-out><![CDATA[2023-07-19T14:37:39.528+0200 INFO Liste des villes : [Culver, Tronville-en-Barrois]
2023-07-19T14:37:39.528+0200 ERROR La ville  ne fait pas partie de la liste !
]]></system-out>
  </testcase>
  <testcase name="testDeleteWrongLastNameParamPerson" classname="com.APISafetyNetAlerts.apiForSNA.PersonControllerTest" time="0.004">
    <system-out><![CDATA[2023-07-19T14:37:39.532+0200 ERROR Il faut un nom et un prénom pour pouvoir supprimer un objet !
]]></system-out>
  </testcase>
  <testcase name="testGetPersonsMailByCity" classname="com.APISafetyNetAlerts.apiForSNA.PersonControllerTest" time="0.004">
    <system-out><![CDATA[2023-07-19T14:37:39.535+0200 INFO Liste des villes : [Culver, Tronville-en-Barrois]
2023-07-19T14:37:39.535+0200 INFO Nombre de mail dans la liste : 23
2023-07-19T14:37:39.536+0200 DEBUG La liste de mail qui est renvoyée : [ "jaboyd@email.com", "drk@email.com", "tenz@email.com", "jaboyd@email.com", "jaboyd@email.com", "drk@email.com", "tenz@email.com", "jaboyd@email.com", "jaboyd@email.com", "tcoop@ymail.com", "lily@email.com", "soph@email.com", "ward@email.com", "zarc@email.com", "reg@email.com", "jpeter@email.com", "jpeter@email.com", "aly@imail.com", "bstel@email.com", "ssanw@email.com", "bstel@email.com", "clivfd@ymail.com", "gramps@email.com" ]
]]></system-out>
  </testcase>
  <testcase name="testGetPersonInfoByFirstNameAndLastNameWithWrongFirstName" classname="com.APISafetyNetAlerts.apiForSNA.PersonControllerTest" time="0.003">
    <system-out><![CDATA[2023-07-19T14:37:39.540+0200 ERROR Aucune personne ne s'appelle gdfgdfgdfsh Boyd dans la liste !
]]></system-out>
  </testcase>
  <testcase name="testGetPersonInfoByFirstNameAndLastName" classname="com.APISafetyNetAlerts.apiForSNA.PersonControllerTest" time="0.006">
    <system-out><![CDATA[2023-07-19T14:37:39.546+0200 INFO Nombre de personnes dans la liste : 6
2023-07-19T14:37:39.547+0200 DEBUG La liste de personne qui est renvoyée : [ {
  "lastName" : "Boyd",
  "address" : "1509 Culver St",
  "age" : 39,
  "medications" : [ "aznol:350mg", "hydrapermazol:100mg" ],
  "allergies" : [ "nillacilan" ]
}, {
  "lastName" : "Boyd",
  "address" : "1509 Culver St",
  "age" : 34,
  "medications" : [ "pharmacol:5000mg", "terazine:10mg", "noznazol:250mg" ],
  "allergies" : [ ]
}, {
  "lastName" : "Boyd",
  "address" : "1509 Culver St",
  "age" : 11,
  "medications" : [ ],
  "allergies" : [ "peanut" ]
}, {
  "lastName" : "Boyd",
  "address" : "1509 Culver St",
  "age" : 5,
  "medications" : [ ],
  "allergies" : [ ]
}, {
  "lastName" : "Boyd",
  "address" : "1509 Culver St",
  "age" : 37,
  "medications" : [ "tetracyclaz:650mg" ],
  "allergies" : [ "xilliathal" ]
}, {
  "lastName" : "Boyd",
  "address" : "112 Steppes Pl",
  "age" : 58,
  "medications" : [ "aznol:200mg" ],
  "allergies" : [ "nillacilan" ]
} ]
]]></system-out>
  </testcase>
  <testcase name="testGetChildByAddress" classname="com.APISafetyNetAlerts.apiForSNA.PersonControllerTest" time="0.007">
    <system-out><![CDATA[2023-07-19T14:37:39.551+0200 DEBUG Il y a 2 enfant(s) à cette addresse
2023-07-19T14:37:39.552+0200 DEBUG Il y a 3 adulte(s) à cette addresse
2023-07-19T14:37:39.552+0200 INFO L'adresse est 1509 Culver St
2023-07-19T14:37:39.552+0200 INFO Nombre de personnes dans la liste : 5
2023-07-19T14:37:39.553+0200 DEBUG La liste de personnes qui est renvoyée : [ {
  "firstName" : "Tenley",
  "lastName" : "Boyd",
  "age" : 11
}, {
  "firstName" : "Roger",
  "lastName" : "Boyd",
  "age" : 5
}, {
  "firstName" : "John",
  "lastName" : "Boyd",
  "age" : 39
}, {
  "firstName" : "Jacob",
  "lastName" : "Boyd",
  "age" : 34
}, {
  "firstName" : "Felicia",
  "lastName" : "Boyd",
  "age" : 37
} ]
]]></system-out>
  </testcase>
</testsuite>