<?xml version="1.0" encoding="UTF-8"?>
<testsuite xmlns:xsi="http://www.w3.org/2001/XMLSchema-instance" xsi:noNamespaceSchemaLocation="https://maven.apache.org/surefire/maven-surefire-plugin/xsd/surefire-test-report-3.0.xsd" version="3.0" name="com.APISafetyNetAlerts.apiForSNA.FireStationControllerTest" time="0.885" tests="25" errors="0" skipped="0" failures="0">
  <properties>
[...]
</properties>
  <testcase name="testUpdateWrongAddressFirestation" classname="com.APISafetyNetAlerts.apiForSNA.FireStationControllerTest" time="0.205">
    <system-out><![CDATA[
  .   ____          _            __ _ _
 /\\ / ___'_ __ _ _(_)_ __  __ _ \ \ \ \
( ( )\___ | '_ | '_| | '_ \/ _` | \ \ \ \
 \\/  ___)| |_)| | | | | || (_| |  ) ) ) )
  '  |____| .__|_| |_|_| |_\__, | / / / /
 =========|_|==============|___/=/_/_/_/
 :: Spring Boot ::                (v3.1.0)

2023-07-19T14:37:38.301+0200 INFO Starting FireStationControllerTest using Java 17.0.6 with PID 21376 (started by zirya in D:\workspace\git\apiForSNA)
2023-07-19T14:37:38.301+0200 DEBUG Running with Spring Boot v3.1.0, Spring v6.0.9
2023-07-19T14:37:38.303+0200 INFO No active profile set, falling back to 1 default profile: "default"
2023-07-19T14:37:38.699+0200 INFO Started FireStationControllerTest in 0.42 seconds (process running for 5.288)
2023-07-19T14:37:38.888+0200 ERROR L'addresse est erronée !
]]></system-out>
  </testcase>
  <testcase name="testGetPersonsLiveAtAddressDeservedByStation" classname="com.APISafetyNetAlerts.apiForSNA.FireStationControllerTest" time="0.064">
    <system-out><![CDATA[2023-07-19T14:37:38.922+0200 INFO Le fichier est lu pour récupérer les personnes !
2023-07-19T14:37:38.925+0200 DEBUG Liste de toutes les addresses : [748 Townings Dr, 951 LoneTree Rd, 19 rue des Coquelicots, 489 Manchester St, 908 73rd St, 947 E. Rose Dr, 644 Gershwin Cir, 1509 Culver St, 892 Downing Ct, 834 Binoc Ave, 112 Steppes Pl, 29 15th St]
2023-07-19T14:37:38.933+0200 INFO Le fichier est lu pour récupérer les personnes dont on veut ajouter des informations!
2023-07-19T14:37:38.934+0200 INFO L'adresse est 1509 Culver St
2023-07-19T14:37:38.941+0200 INFO Le fichier est lu pour récupérer les antécédents médicaux!
2023-07-19T14:37:38.946+0200 INFO Le fichier est lu pour récupérer les Firestations!
2023-07-19T14:37:38.946+0200 INFO Nombre de personnes dans la liste : 5
2023-07-19T14:37:38.951+0200 DEBUG La liste de personnes qui est renvoyée : [ {
  "lastName" : "Boyd",
  "phone" : "841-874-6512",
  "age" : 39,
  "firestationNumber" : 3,
  "medications" : [ "aznol:350mg", "hydrapermazol:100mg" ],
  "allergies" : [ "nillacilan" ]
}, {
  "lastName" : "Boyd",
  "phone" : "841-874-6513",
  "age" : 34,
  "firestationNumber" : 3,
  "medications" : [ "pharmacol:5000mg", "terazine:10mg", "noznazol:250mg" ],
  "allergies" : [ ]
}, {
  "lastName" : "Boyd",
  "phone" : "841-874-6512",
  "age" : 11,
  "firestationNumber" : 3,
  "medications" : [ ],
  "allergies" : [ "peanut" ]
}, {
  "lastName" : "Boyd",
  "phone" : "841-874-6512",
  "age" : 5,
  "firestationNumber" : 3,
  "medications" : [ ],
  "allergies" : [ ]
}, {
  "lastName" : "Boyd",
  "phone" : "841-874-6544",
  "age" : 37,
  "firestationNumber" : 3,
  "medications" : [ "tetracyclaz:650mg" ],
  "allergies" : [ "xilliathal" ]
} ]
]]></system-out>
  </testcase>
  <testcase name="testDeleteFirestation" classname="com.APISafetyNetAlerts.apiForSNA.FireStationControllerTest" time="0.007">
    <system-out><![CDATA[2023-07-19T14:37:38.976+0200 ERROR Le numéro et/ou l'addresse sont erronnées !
]]></system-out>
  </testcase>
  <testcase name="testDeleteNoParamFirestation" classname="com.APISafetyNetAlerts.apiForSNA.FireStationControllerTest" time="0.006">
    <system-out><![CDATA[2023-07-19T14:37:38.984+0200 ERROR L'adresse et le numéro sont vides !
]]></system-out>
  </testcase>
  <testcase name="testGetPersonsLiveAtAddressDeservedByStationWithWrongAddress" classname="com.APISafetyNetAlerts.apiForSNA.FireStationControllerTest" time="0.006">
    <system-out><![CDATA[2023-07-19T14:37:38.989+0200 DEBUG Liste de toutes les addresses : [748 Townings Dr, 951 LoneTree Rd, 19 rue des Coquelicots, 489 Manchester St, 908 73rd St, 947 E. Rose Dr, 644 Gershwin Cir, 1509 Culver St, 892 Downing Ct, 834 Binoc Ave, 112 Steppes Pl, 29 15th St]
2023-07-19T14:37:38.990+0200 ERROR L'addresse gfdqghsdfh ne fait pas partie de la liste d'adresses !
]]></system-out>
  </testcase>
  <testcase name="testAddNullFirestation" classname="com.APISafetyNetAlerts.apiForSNA.FireStationControllerTest" time="0.007"/>
  <testcase name="testAddNoParamFirestation" classname="com.APISafetyNetAlerts.apiForSNA.FireStationControllerTest" time="0.006">
    <system-out><![CDATA[2023-07-19T14:37:39.005+0200 DEBUG La station à ajouter : com.APISafetyNetAlerts.apiForSNA.model.FireStation@753cc26d
2023-07-19T14:37:39.005+0200 ERROR L'adresse null est incorrecte !
2023-07-19T14:37:39.005+0200 ERROR Le numéro de caserne 0 est incorrect !
]]></system-out>
  </testcase>
  <testcase name="testDeleteWrongStationFirestation" classname="com.APISafetyNetAlerts.apiForSNA.FireStationControllerTest" time="0.006">
    <system-out><![CDATA[2023-07-19T14:37:39.013+0200 ERROR Le numéro et/ou l'addresse sont erronnées !
]]></system-out>
  </testcase>
  <testcase name="testAddWrongAddressFirestation" classname="com.APISafetyNetAlerts.apiForSNA.FireStationControllerTest" time="0.016">
    <system-out><![CDATA[2023-07-19T14:37:39.019+0200 DEBUG La station à ajouter : com.APISafetyNetAlerts.apiForSNA.model.FireStation@38f57609
2023-07-19T14:37:39.019+0200 INFO L'address est sdqfqsdgdfqsg
2023-07-19T14:37:39.019+0200 INFO Le numéro de station est 2
2023-07-19T14:37:39.020+0200 DEBUG Station à ajouter : {
  "address" : "sdqfqsdgdfqsg",
  "station" : 2
}
2023-07-19T14:37:39.031+0200 INFO Le fichier est lu pour récupérer les Firestations!
]]></system-out>
  </testcase>
  <testcase name="testDeleteNullAddressFirestation" classname="com.APISafetyNetAlerts.apiForSNA.FireStationControllerTest" time="0.006"/>
  <testcase name="testGetPersonsLiveAtAddressDeservedByStationWithEmptyAddress" classname="com.APISafetyNetAlerts.apiForSNA.FireStationControllerTest" time="0.006">
    <system-out><![CDATA[2023-07-19T14:37:39.043+0200 DEBUG Liste de toutes les addresses : [748 Townings Dr, 951 LoneTree Rd, 19 rue des Coquelicots, 489 Manchester St, 908 73rd St, 947 E. Rose Dr, 644 Gershwin Cir, 1509 Culver St, 892 Downing Ct, 834 Binoc Ave, 112 Steppes Pl, 29 15th St]
2023-07-19T14:37:39.043+0200 ERROR L'addresse  ne fait pas partie de la liste d'adresses !
]]></system-out>
  </testcase>
  <testcase name="testAddFirestation" classname="com.APISafetyNetAlerts.apiForSNA.FireStationControllerTest" time="0.008">
    <system-out><![CDATA[2023-07-19T14:37:39.050+0200 DEBUG La station à ajouter : com.APISafetyNetAlerts.apiForSNA.model.FireStation@3596a9d5
2023-07-19T14:37:39.050+0200 INFO L'address est 19 rue des Coquelicots
2023-07-19T14:37:39.050+0200 INFO Le numéro de station est 2
2023-07-19T14:37:39.051+0200 DEBUG Station à ajouter : {
  "address" : "19 rue des Coquelicots",
  "station" : 2
}
2023-07-19T14:37:39.053+0200 INFO Le fichier est lu pour récupérer les Firestations!
]]></system-out>
  </testcase>
  <testcase name="testAllPersonsCoveredByFirestationsWithWrongStationNumber" classname="com.APISafetyNetAlerts.apiForSNA.FireStationControllerTest" time="0.007">
    <system-out><![CDATA[2023-07-19T14:37:39.059+0200 DEBUG Contenu de la liste des numéros de stations : [1, 2, 3, 4]
2023-07-19T14:37:39.060+0200 DEBUG Contenu du paramètre "tableau de numéros de stations" : [0, -10]
2023-07-19T14:37:39.061+0200 DEBUG Contenu de la liste qui enlève les doublons et les mauvais numéros de stations : []
2023-07-19T14:37:39.061+0200 ERROR La liste contient des numéros de stations qui sont incorrectes
]]></system-out>
  </testcase>
  <testcase name="testUpdateWrongStationFirestation" classname="com.APISafetyNetAlerts.apiForSNA.FireStationControllerTest" time="0.007">
    <system-out><![CDATA[2023-07-19T14:37:39.069+0200 DEBUG Station à ajouter : "{\"address\":\"19 rue des Coquelicots\",\"station\":2}"
2023-07-19T14:37:39.069+0200 DEBUG Addresse : 19 rue des Coquelicots
2023-07-19T14:37:39.069+0200 INFO Le numéro de station 0 est le même que celui à modifier ou <= 0 !
]]></system-out>
  </testcase>
  <testcase name="testUpdateNoParamFirestation" classname="com.APISafetyNetAlerts.apiForSNA.FireStationControllerTest" time="0.006">
    <system-out><![CDATA[2023-07-19T14:37:39.076+0200 ERROR L'addresse est vide !
]]></system-out>
  </testcase>
  <testcase name="testDeleteNullFirestation" classname="com.APISafetyNetAlerts.apiForSNA.FireStationControllerTest" time="0.002"/>
  <testcase name="testGetAllFirestations" classname="com.APISafetyNetAlerts.apiForSNA.FireStationControllerTest" time="0.006"/>
  <testcase name="testUpdateNullAddressFirestation" classname="com.APISafetyNetAlerts.apiForSNA.FireStationControllerTest" time="0.006">
    <system-out><![CDATA[2023-07-19T14:37:39.094+0200 ERROR L'addresse est vide !
]]></system-out>
  </testcase>
  <testcase name="testDeleteWrongAddressFirestation" classname="com.APISafetyNetAlerts.apiForSNA.FireStationControllerTest" time="0.005"/>
  <testcase name="testAddNullAddressFirestation" classname="com.APISafetyNetAlerts.apiForSNA.FireStationControllerTest" time="0.005">
    <system-out><![CDATA[2023-07-19T14:37:39.105+0200 DEBUG La station à ajouter : com.APISafetyNetAlerts.apiForSNA.model.FireStation@2c30bedc
2023-07-19T14:37:39.105+0200 ERROR L'adresse null est incorrecte !
]]></system-out>
  </testcase>
  <testcase name="testUpdateFirestation" classname="com.APISafetyNetAlerts.apiForSNA.FireStationControllerTest" time="0.006">
    <system-out><![CDATA[2023-07-19T14:37:39.112+0200 ERROR L'addresse est erronée !
]]></system-out>
  </testcase>
  <testcase name="testGetPersonsCoveredByFireStation" classname="com.APISafetyNetAlerts.apiForSNA.FireStationControllerTest" time="0.012">
    <system-out><![CDATA[2023-07-19T14:37:39.120+0200 INFO Il y a 1 personnes mineurs et 5 personnes majeures dans la liste
2023-07-19T14:37:39.121+0200 INFO Nombre de personnes dans la liste : 6
2023-07-19T14:37:39.123+0200 DEBUG La liste de personnes qui est renvoyée : {
  "personnesMajeures" : 5,
  "personnesMineures" : 1,
  "persons" : [ {
    "firstName" : "Peter",
    "lastName" : "Duncan",
    "address" : "644 Gershwin Cir",
    "phone" : "841-874-6512"
  }, {
    "firstName" : "Reginold",
    "lastName" : "Walker",
    "address" : "908 73rd St",
    "phone" : "841-874-8547"
  }, {
    "firstName" : "Jamie",
    "lastName" : "Peters",
    "address" : "908 73rd St",
    "phone" : "841-874-7462"
  }, {
    "firstName" : "Brian",
    "lastName" : "Stelzer",
    "address" : "947 E. Rose Dr",
    "phone" : "841-874-7784"
  }, {
    "firstName" : "Shawna",
    "lastName" : "Stelzer",
    "address" : "947 E. Rose Dr",
    "phone" : "841-874-7784"
  }, {
    "firstName" : "Kendrik",
    "lastName" : "Stelzer",
    "address" : "947 E. Rose Dr",
    "phone" : "841-874-7784"
  } ]
}
]]></system-out>
  </testcase>
  <testcase name="testUpdateNullFirestation" classname="com.APISafetyNetAlerts.apiForSNA.FireStationControllerTest" time="0.004"/>
  <testcase name="testAllPersonsCoveredByFirestations" classname="com.APISafetyNetAlerts.apiForSNA.FireStationControllerTest" time="0.01">
    <system-out><![CDATA[2023-07-19T14:37:39.134+0200 DEBUG Contenu de la liste des numéros de stations : [1, 2, 3, 4]
2023-07-19T14:37:39.134+0200 DEBUG Contenu du paramètre "tableau de numéros de stations" : [1, 2]
2023-07-19T14:37:39.134+0200 DEBUG Contenu de la liste qui enlève les doublons et les mauvais numéros de stations : [1, 2]
2023-07-19T14:37:39.136+0200 INFO Nombre de personnes dans la liste : 7
2023-07-19T14:37:39.139+0200 DEBUG La liste de personnes qui est renvoyée : [ {
  "lastName" : "Duncan",
  "phone" : "841-874-6512",
  "age" : 22,
  "firestationNumber" : 1,
  "medications" : [ ],
  "allergies" : [ "shellfish" ]
}, {
  "lastName" : "Walker",
  "phone" : "841-874-8547",
  "age" : 43,
  "firestationNumber" : 1,
  "medications" : [ "thradox:700mg" ],
  "allergies" : [ "illisoxian" ]
}, {
  "lastName" : "Peters",
  "phone" : "841-874-7462",
  "age" : 41,
  "firestationNumber" : 1,
  "medications" : [ ],
  "allergies" : [ ]
}, {
  "lastName" : "Stelzer",
  "phone" : "841-874-7784",
  "age" : 47,
  "firestationNumber" : 1,
  "medications" : [ "ibupurin:200mg", "hydrapermazol:400mg" ],
  "allergies" : [ "nillacilan" ]
}, {
  "lastName" : "Stelzer",
  "phone" : "841-874-7784",
  "age" : 43,
  "firestationNumber" : 1,
  "medications" : [ ],
  "allergies" : [ ]
}, {
  "lastName" : "Stelzer",
  "phone" : "841-874-7784",
  "age" : 9,
  "firestationNumber" : 1,
  "medications" : [ "noxidian:100mg", "pharmacol:2500mg" ],
  "allergies" : [ ]
}, {
  "lastName" : "Jovanovic",
  "phone" : "0607080910",
  "age" : 27,
  "firestationNumber" : 2,
  "medications" : [ "doliprane", "xanax" ],
  "allergies" : [ "nuts" ]
} ]
]]></system-out>
  </testcase>
  <testcase name="testAddWrongStationFirestation" classname="com.APISafetyNetAlerts.apiForSNA.FireStationControllerTest" time="0.005">
    <system-out><![CDATA[2023-07-19T14:37:39.145+0200 DEBUG La station à ajouter : com.APISafetyNetAlerts.apiForSNA.model.FireStation@686d5284
2023-07-19T14:37:39.146+0200 ERROR Le numéro de caserne 0 est incorrect !
]]></system-out>
  </testcase>
</testsuite>